2022.01.17 17:05:43 INFO  tracing is disabled for protocol LSP, to enable tracing of incoming and outgoing JSON messages create an empty file at /Users/francescofacca/Projects/scala-project/.metals/lsp.trace.json or /Users/francescofacca/Library/Caches/org.scalameta.metals/lsp.trace.json
2022.01.17 17:05:44 INFO  logging to file /Users/francescofacca/Projects/scala-project/.metals/metals.log
2022.01.17 17:05:44 INFO  Started: Metals version 0.11.1 in workspace '/Users/francescofacca/Projects/scala-project' for client Visual Studio Code 1.63.2.
2022.01.17 17:05:44 INFO  Parse release: 11
2022.01.17 17:05:49 INFO  time: initialize in 5.22s
2022.01.17 17:05:50 WARN  Build server is not auto-connectable.
2022.01.17 17:06:00 INFO  running '/Users/francescofacca/Library/Caches/Coursier/arc/https/github.com/AdoptOpenJDK/openjdk11-binaries/releases/download/jdk-11%252B28/OpenJDK11-jdk_x64_mac_hotspot_11_28.tar.gz/jdk-11+28/Contents/Home/bin/java -Djline.terminal=jline.UnsupportedTerminal -Dsbt.log.noformat=true -Dfile.encoding=UTF-8 -jar /var/folders/t4/y8spwph97956lf64yj2ydjtw0000gn/T/metals8454025946174512273/sbt-launch.jar -Dbloop.export-jar-classifiers=sources bloopInstall'
2022.01.17 17:06:00 WARN  no build target for: /Users/francescofacca/Projects/scala-project/project/metals.sbt
2022.01.17 17:06:00 WARN  no build target for: /Users/francescofacca/Projects/scala-project/project/project/metals.sbt
2022.01.17 17:06:00 INFO  skipping build import with status 'Started'
2022.01.17 17:06:01 ERROR [info] [launcher] getting org.scala-sbt sbt 1.5.2  (this may take some time)...
2022.01.17 17:06:17 INFO  no build target found for /Users/francescofacca/Projects/scala-project/project/metals.sbt. Using presentation compiler with project's scala-library version: 3.1.0
2022.01.17 17:06:31 ERROR downloading https://repo1.maven.org/maven2/org/scala-lang/scala-library/2.12.13/scala-library-2.12.13.jar ...
2022.01.17 17:06:31 ERROR downloading https://repo1.maven.org/maven2/org/scala-sbt/main_2.12/1.5.2/main_2.12-1.5.2.jar ...
2022.01.17 17:06:31 ERROR downloading https://repo1.maven.org/maven2/org/scala-sbt/io_2.12/1.5.0/io_2.12-1.5.0.jar ...
2022.01.17 17:06:31 ERROR downloading https://repo1.maven.org/maven2/org/scala-sbt/sbt/1.5.2/sbt-1.5.2.jar ...
2022.01.17 17:06:31 ERROR :: loading settings :: url = jar:file:/private/var/folders/t4/y8spwph97956lf64yj2ydjtw0000gn/T/metals8454025946174512273/sbt-launch.jar!/org/apache/ivy/core/settings/ivysettings.xml
2022.01.17 17:06:31 ERROR :: loading settings :: url = jar:file:/private/var/folders/t4/y8spwph97956lf64yj2ydjtw0000gn/T/metals8454025946174512273/sbt-launch.jar!/org/apache/ivy/core/settings/ivysettings.xml
2022.01.17 17:06:31 ERROR :: loading settings :: url = jar:file:/private/var/folders/t4/y8spwph97956lf64yj2ydjtw0000gn/T/metals8454025946174512273/sbt-launch.jar!/org/apache/ivy/core/settings/ivysettings.xml
2022.01.17 17:06:31 ERROR :: loading settings :: url = jar:file:/private/var/folders/t4/y8spwph97956lf64yj2ydjtw0000gn/T/metals8454025946174512273/sbt-launch.jar!/org/apache/ivy/core/settings/ivysettings.xml
2022.01.17 17:06:31 ERROR 	[SUCCESSFUL ] org.scala-sbt#sbt;1.5.2!sbt.jar (214ms)
2022.01.17 17:06:31 ERROR downloading https://repo1.maven.org/maven2/org/scala-sbt/logic_2.12/1.5.2/logic_2.12-1.5.2.jar ...
2022.01.17 17:06:31 ERROR 	[SUCCESSFUL ] org.scala-sbt#logic_2.12;1.5.2!logic_2.12.jar (128ms)
2022.01.17 17:06:31 ERROR downloading https://repo1.maven.org/maven2/org/scala-sbt/actions_2.12/1.5.2/actions_2.12-1.5.2.jar ...
2022.01.17 17:06:31 ERROR 	[SUCCESSFUL ] org.scala-sbt#io_2.12;1.5.0!io_2.12.jar (350ms)
2022.01.17 17:06:31 ERROR downloading https://repo1.maven.org/maven2/org/scala-sbt/main-settings_2.12/1.5.2/main-settings_2.12-1.5.2.jar ...
2022.01.17 17:06:31 ERROR 	[SUCCESSFUL ] org.scala-sbt#main_2.12;1.5.2!main_2.12.jar (393ms)
2022.01.17 17:06:31 ERROR downloading https://repo1.maven.org/maven2/org/scala-sbt/run_2.12/1.5.2/run_2.12-1.5.2.jar ...
2022.01.17 17:06:31 ERROR 	[SUCCESSFUL ] org.scala-lang#scala-library;2.12.13!scala-library.jar (408ms)
2022.01.17 17:06:31 ERROR downloading https://repo1.maven.org/maven2/org/scala-sbt/command_2.12/1.5.2/command_2.12-1.5.2.jar ...
2022.01.17 17:06:31 ERROR 	[SUCCESSFUL ] org.scala-sbt#actions_2.12;1.5.2!actions_2.12.jar (125ms)
2022.01.17 17:06:31 ERROR downloading https://repo1.maven.org/maven2/org/scala-sbt/collections_2.12/1.5.2/collections_2.12-1.5.2.jar ...
2022.01.17 17:06:31 ERROR 	[SUCCESSFUL ] org.scala-sbt#run_2.12;1.5.2!run_2.12.jar (195ms)
2022.01.17 17:06:31 ERROR downloading https://repo1.maven.org/maven2/org/scala-sbt/scripted-plugin_2.12/1.5.2/scripted-plugin_2.12-1.5.2.jar ...
2022.01.17 17:06:31 ERROR 	[SUCCESSFUL ] org.scala-sbt#main-settings_2.12;1.5.2!main-settings_2.12.jar (251ms)
2022.01.17 17:06:31 ERROR 	[SUCCESSFUL ] org.scala-sbt#command_2.12;1.5.2!command_2.12.jar (198ms)
2022.01.17 17:06:31 ERROR downloading https://repo1.maven.org/maven2/org/scala-sbt/zinc-lm-integration_2.12/1.5.2/zinc-lm-integration_2.12-1.5.2.jar ...
2022.01.17 17:06:31 ERROR downloading https://repo1.maven.org/maven2/org/scala-sbt/util-logging_2.12/1.5.2/util-logging_2.12-1.5.2.jar ...
2022.01.17 17:06:31 ERROR 	[SUCCESSFUL ] org.scala-sbt#scripted-plugin_2.12;1.5.2!scripted-plugin_2.12.jar (20ms)
2022.01.17 17:06:31 ERROR downloading https://repo1.maven.org/maven2/org/scala-lang/modules/scala-xml_2.12/1.3.0/scala-xml_2.12-1.3.0.jar ...
2022.01.17 17:06:31 ERROR 	[SUCCESSFUL ] org.scala-sbt#collections_2.12;1.5.2!collections_2.12.jar (258ms)
2022.01.17 17:06:31 ERROR downloading https://repo1.maven.org/maven2/org/scala-sbt/launcher-interface/1.3.1/launcher-interface-1.3.1.jar ...
2022.01.17 17:06:31 ERROR 	[SUCCESSFUL ] org.scala-sbt#zinc-lm-integration_2.12;1.5.2!zinc-lm-integration_2.12.jar (135ms)
2022.01.17 17:06:31 ERROR downloading https://repo1.maven.org/maven2/com/github/ben-manes/caffeine/caffeine/2.8.5/caffeine-2.8.5.jar ...
2022.01.17 17:06:31 ERROR 	[SUCCESSFUL ] org.scala-lang.modules#scala-xml_2.12;1.3.0!scala-xml_2.12.jar(bundle) (137ms)
2022.01.17 17:06:31 ERROR downloading https://repo1.maven.org/maven2/io/get-coursier/lm-coursier-shaded_2.12/2.0.8/lm-coursier-shaded_2.12-2.0.8.jar ...
2022.01.17 17:06:31 ERROR 	[SUCCESSFUL ] org.scala-sbt#util-logging_2.12;1.5.2!util-logging_2.12.jar (156ms)
2022.01.17 17:06:31 ERROR downloading https://repo1.maven.org/maven2/org/apache/logging/log4j/log4j-api/2.11.2/log4j-api-2.11.2.jar ...
2022.01.17 17:06:31 ERROR 	[SUCCESSFUL ] org.scala-sbt#launcher-interface;1.3.1!launcher-interface.jar (46ms)
2022.01.17 17:06:31 ERROR downloading https://repo1.maven.org/maven2/org/apache/logging/log4j/log4j-core/2.11.2/log4j-core-2.11.2.jar ...
2022.01.17 17:06:32 ERROR 	[SUCCESSFUL ] org.apache.logging.log4j#log4j-api;2.11.2!log4j-api.jar (342ms)
2022.01.17 17:06:32 ERROR downloading https://repo1.maven.org/maven2/org/apache/logging/log4j/log4j-slf4j-impl/2.11.2/log4j-slf4j-impl-2.11.2.jar ...
2022.01.17 17:06:32 ERROR 	[SUCCESSFUL ] com.github.ben-manes.caffeine#caffeine;2.8.5!caffeine.jar (593ms)
2022.01.17 17:06:32 ERROR downloading https://repo1.maven.org/maven2/org/scala-sbt/librarymanagement-core_2.12/1.5.0/librarymanagement-core_2.12-1.5.0.jar ...
2022.01.17 17:06:32 ERROR 	[SUCCESSFUL ] org.apache.logging.log4j#log4j-slf4j-impl;2.11.2!log4j-slf4j-impl.jar (242ms)
2022.01.17 17:06:32 ERROR downloading https://repo1.maven.org/maven2/org/scala-sbt/librarymanagement-ivy_2.12/1.5.0/librarymanagement-ivy_2.12-1.5.0.jar ...
2022.01.17 17:06:32 ERROR 	[SUCCESSFUL ] org.apache.logging.log4j#log4j-core;2.11.2!log4j-core.jar (575ms)
2022.01.17 17:06:32 ERROR downloading https://repo1.maven.org/maven2/org/scala-sbt/compiler-interface/1.5.3/compiler-interface-1.5.3.jar ...
2022.01.17 17:06:32 ERROR 	[SUCCESSFUL ] org.scala-sbt#compiler-interface;1.5.3!compiler-interface.jar (232ms)
2022.01.17 17:06:32 ERROR downloading https://repo1.maven.org/maven2/org/scala-sbt/zinc-compile_2.12/1.5.3/zinc-compile_2.12-1.5.3.jar ...
2022.01.17 17:06:32 ERROR 	[SUCCESSFUL ] org.scala-sbt#zinc-compile_2.12;1.5.3!zinc-compile_2.12.jar (129ms)
2022.01.17 17:06:32 ERROR downloading https://repo1.maven.org/maven2/org/scala-sbt/util-relation_2.12/1.5.2/util-relation_2.12-1.5.2.jar ...
2022.01.17 17:06:32 ERROR 	[SUCCESSFUL ] org.scala-sbt#librarymanagement-ivy_2.12;1.5.0!librarymanagement-ivy_2.12.jar (411ms)
2022.01.17 17:06:32 ERROR downloading https://repo1.maven.org/maven2/org/scala-sbt/util-position_2.12/1.5.2/util-position_2.12-1.5.2.jar ...
2022.01.17 17:06:32 ERROR 	[SUCCESSFUL ] org.scala-sbt#librarymanagement-core_2.12;1.5.0!librarymanagement-core_2.12.jar (434ms)
2022.01.17 17:06:32 ERROR downloading https://repo1.maven.org/maven2/com/eed3si9n/sjson-new-scalajson_2.12/0.9.1/sjson-new-scalajson_2.12-0.9.1.jar ...
2022.01.17 17:06:32 ERROR 	[SUCCESSFUL ] org.scala-sbt#util-position_2.12;1.5.2!util-position_2.12.jar (76ms)
2022.01.17 17:06:32 ERROR downloading https://repo1.maven.org/maven2/org/scala-lang/scala-reflect/2.12.13/scala-reflect-2.12.13.jar ...
2022.01.17 17:06:32 ERROR 	[SUCCESSFUL ] com.eed3si9n#sjson-new-scalajson_2.12;0.9.1!sjson-new-scalajson_2.12.jar (84ms)
2022.01.17 17:06:32 ERROR downloading https://repo1.maven.org/maven2/com/eed3si9n/sjson-new-core_2.12/0.9.1/sjson-new-core_2.12-0.9.1.jar ...
2022.01.17 17:06:32 ERROR 	[SUCCESSFUL ] org.scala-sbt#util-relation_2.12;1.5.2!util-relation_2.12.jar (225ms)
2022.01.17 17:06:32 ERROR downloading https://repo1.maven.org/maven2/com/eed3si9n/shaded-jawn-parser_2.12/0.9.1/shaded-jawn-parser_2.12-0.9.1.jar ...
2022.01.17 17:06:33 ERROR 	[SUCCESSFUL ] org.scala-lang#scala-reflect;2.12.13!scala-reflect.jar (690ms)
2022.01.17 17:06:33 ERROR downloading https://repo1.maven.org/maven2/com/eed3si9n/shaded-scalajson_2.12/1.0.0-M4/shaded-scalajson_2.12-1.0.0-M4.jar ...
2022.01.17 17:06:33 ERROR 	[SUCCESSFUL ] com.eed3si9n#shaded-jawn-parser_2.12;0.9.1!shaded-jawn-parser_2.12.jar (649ms)
2022.01.17 17:06:33 ERROR downloading https://repo1.maven.org/maven2/org/scala-sbt/completion_2.12/1.5.2/completion_2.12-1.5.2.jar ...
2022.01.17 17:06:33 ERROR 	[SUCCESSFUL ] com.eed3si9n#shaded-scalajson_2.12;1.0.0-M4!shaded-scalajson_2.12.jar (159ms)
2022.01.17 17:06:33 ERROR downloading https://repo1.maven.org/maven2/org/scala-sbt/task-system_2.12/1.5.2/task-system_2.12-1.5.2.jar ...
2022.01.17 17:06:33 ERROR 	[SUCCESSFUL ] org.scala-sbt#completion_2.12;1.5.2!completion_2.12.jar (144ms)
2022.01.17 17:06:33 ERROR downloading https://repo1.maven.org/maven2/org/scala-sbt/tasks_2.12/1.5.2/tasks_2.12-1.5.2.jar ...
2022.01.17 17:06:33 ERROR 	[SUCCESSFUL ] com.eed3si9n#sjson-new-core_2.12;0.9.1!sjson-new-core_2.12.jar (929ms)
2022.01.17 17:06:33 ERROR downloading https://repo1.maven.org/maven2/org/scala-sbt/testing_2.12/1.5.2/testing_2.12-1.5.2.jar ...
2022.01.17 17:06:33 ERROR 	[SUCCESSFUL ] org.scala-sbt#task-system_2.12;1.5.2!task-system_2.12.jar (95ms)
2022.01.17 17:06:33 ERROR downloading https://repo1.maven.org/maven2/org/scala-sbt/util-tracking_2.12/1.5.2/util-tracking_2.12-1.5.2.jar ...
2022.01.17 17:06:33 ERROR 	[SUCCESSFUL ] org.scala-sbt#tasks_2.12;1.5.2!tasks_2.12.jar (101ms)
2022.01.17 17:06:33 ERROR downloading https://repo1.maven.org/maven2/org/jline/jline-terminal/3.19.0/jline-terminal-3.19.0.jar ...
2022.01.17 17:06:33 ERROR 	[SUCCESSFUL ] org.scala-sbt#testing_2.12;1.5.2!testing_2.12.jar (107ms)
2022.01.17 17:06:33 ERROR downloading https://repo1.maven.org/maven2/org/scala-sbt/zinc-classpath_2.12/1.5.3/zinc-classpath_2.12-1.5.3.jar ...
2022.01.17 17:06:33 ERROR 	[SUCCESSFUL ] org.scala-sbt#util-tracking_2.12;1.5.2!util-tracking_2.12.jar (116ms)
2022.01.17 17:06:33 ERROR downloading https://repo1.maven.org/maven2/org/scala-sbt/zinc-apiinfo_2.12/1.5.3/zinc-apiinfo_2.12-1.5.3.jar ...
2022.01.17 17:06:33 ERROR 	[SUCCESSFUL ] org.jline#jline-terminal;3.19.0!jline-terminal.jar (97ms)
2022.01.17 17:06:33 ERROR downloading https://repo1.maven.org/maven2/org/scala-sbt/zinc_2.12/1.5.3/zinc_2.12-1.5.3.jar ...
2022.01.17 17:06:33 ERROR 	[SUCCESSFUL ] org.scala-sbt#zinc-apiinfo_2.12;1.5.3!zinc-apiinfo_2.12.jar (95ms)
2022.01.17 17:06:33 ERROR downloading https://repo1.maven.org/maven2/org/scala-sbt/util-control_2.12/1.5.2/util-control_2.12-1.5.2.jar ...
2022.01.17 17:06:33 ERROR 	[SUCCESSFUL ] org.scala-sbt#zinc_2.12;1.5.3!zinc_2.12.jar (81ms)
2022.01.17 17:06:33 ERROR downloading https://repo1.maven.org/maven2/org/scala-sbt/jline/jline/2.14.7-sbt-a1b0ffbb8f64bb820f4f84a0c07a0c0964507493/jline-2.14.7-sbt-a1b0ffbb8f64bb820f4f84a0c07a0c0964507493.jar ...
2022.01.17 17:06:33 ERROR 	[SUCCESSFUL ] org.scala-sbt#zinc-classpath_2.12;1.5.3!zinc-classpath_2.12.jar (140ms)
2022.01.17 17:06:33 ERROR downloading https://repo1.maven.org/maven2/org/jline/jline-reader/3.19.0/jline-reader-3.19.0.jar ...
2022.01.17 17:06:33 ERROR 	[SUCCESSFUL ] org.scala-sbt#util-control_2.12;1.5.2!util-control_2.12.jar (90ms)
2022.01.17 17:06:33 ERROR downloading https://repo1.maven.org/maven2/org/jline/jline-builtins/3.19.0/jline-builtins-3.19.0.jar ...
2022.01.17 17:06:33 ERROR 	[SUCCESSFUL ] org.jline#jline-reader;3.19.0!jline-reader.jar (142ms)
2022.01.17 17:06:33 ERROR downloading https://repo1.maven.org/maven2/org/scala-sbt/util-interface/1.5.2/util-interface-1.5.2.jar ...
2022.01.17 17:06:33 ERROR 	[SUCCESSFUL ] org.jline#jline-builtins;3.19.0!jline-builtins.jar (98ms)
2022.01.17 17:06:33 ERROR 	[SUCCESSFUL ] org.scala-sbt.jline#jline;2.14.7-sbt-a1b0ffbb8f64bb820f4f84a0c07a0c0964507493!jline.jar (164ms)
2022.01.17 17:06:33 ERROR downloading https://repo1.maven.org/maven2/org/scala-sbt/core-macros_2.12/1.5.2/core-macros_2.12-1.5.2.jar ...
2022.01.17 17:06:33 ERROR downloading https://repo1.maven.org/maven2/org/jline/jline-terminal-jna/3.19.0/jline-terminal-jna-3.19.0.jar ...
2022.01.17 17:06:33 ERROR 	[SUCCESSFUL ] org.jline#jline-terminal-jna;3.19.0!jline-terminal-jna.jar (81ms)
2022.01.17 17:06:33 ERROR downloading https://repo1.maven.org/maven2/org/jline/jline-terminal-jansi/3.19.0/jline-terminal-jansi-3.19.0.jar ...
2022.01.17 17:06:33 ERROR 	[SUCCESSFUL ] org.scala-sbt#util-interface;1.5.2!util-interface.jar (141ms)
2022.01.17 17:06:33 ERROR downloading https://repo1.maven.org/maven2/com/lmax/disruptor/3.4.2/disruptor-3.4.2.jar ...
2022.01.17 17:06:33 ERROR 	[SUCCESSFUL ] org.scala-sbt#core-macros_2.12;1.5.2!core-macros_2.12.jar (158ms)
2022.01.17 17:06:33 ERROR downloading https://repo1.maven.org/maven2/org/scala-lang/scala-compiler/2.12.13/scala-compiler-2.12.13.jar ...
2022.01.17 17:06:33 ERROR 	[SUCCESSFUL ] org.jline#jline-terminal-jansi;3.19.0!jline-terminal-jansi.jar (81ms)
2022.01.17 17:06:33 ERROR downloading https://repo1.maven.org/maven2/org/fusesource/jansi/jansi/2.1.0/jansi-2.1.0.jar ...
2022.01.17 17:06:35 ERROR 	[SUCCESSFUL ] com.lmax#disruptor;3.4.2!disruptor.jar (521ms)
2022.01.17 17:06:35 ERROR downloading https://repo1.maven.org/maven2/com/swoval/file-tree-views/2.1.6/file-tree-views-2.1.6.jar ...
2022.01.17 17:06:35 ERROR 	[SUCCESSFUL ] org.fusesource.jansi#jansi;2.1.0!jansi.jar (717ms)
2022.01.17 17:06:35 ERROR downloading https://repo1.maven.org/maven2/net/java/dev/jna/jna/5.5.0/jna-5.5.0.jar ...
2022.01.17 17:06:35 ERROR 	[SUCCESSFUL ] io.get-coursier#lm-coursier-shaded_2.12;2.0.8!lm-coursier-shaded_2.12.jar (3372ms)
2022.01.17 17:06:35 ERROR downloading https://repo1.maven.org/maven2/net/java/dev/jna/jna-platform/5.5.0/jna-platform-5.5.0.jar ...
2022.01.17 17:06:35 ERROR 	[SUCCESSFUL ] com.swoval#file-tree-views;2.1.6!file-tree-views.jar (861ms)
2022.01.17 17:06:35 ERROR downloading https://repo1.maven.org/maven2/org/jline/jline-style/3.19.0/jline-style-3.19.0.jar ...
2022.01.17 17:06:36 ERROR 	[SUCCESSFUL ] net.java.dev.jna#jna;5.5.0!jna.jar (803ms)
2022.01.17 17:06:36 ERROR downloading https://repo1.maven.org/maven2/org/scala-sbt/util-cache_2.12/1.5.2/util-cache_2.12-1.5.2.jar ...
2022.01.17 17:06:36 ERROR 	[SUCCESSFUL ] org.jline#jline-style;3.19.0!jline-style.jar (400ms)
2022.01.17 17:06:36 ERROR downloading https://repo1.maven.org/maven2/com/eed3si9n/sjson-new-murmurhash_2.12/0.9.1/sjson-new-murmurhash_2.12-0.9.1.jar ...
2022.01.17 17:06:36 ERROR 	[SUCCESSFUL ] org.scala-sbt#util-cache_2.12;1.5.2!util-cache_2.12.jar (364ms)
2022.01.17 17:06:36 ERROR downloading https://repo1.maven.org/maven2/org/scala-sbt/test-agent/1.5.2/test-agent-1.5.2.jar ...
2022.01.17 17:06:36 ERROR 	[SUCCESSFUL ] com.eed3si9n#sjson-new-murmurhash_2.12;0.9.1!sjson-new-murmurhash_2.12.jar (302ms)
2022.01.17 17:06:36 ERROR downloading https://repo1.maven.org/maven2/org/scala-sbt/test-interface/1.0/test-interface-1.0.jar ...
2022.01.17 17:06:36 ERROR 	[SUCCESSFUL ] org.scala-sbt#test-agent;1.5.2!test-agent.jar (176ms)
2022.01.17 17:06:36 ERROR downloading https://repo1.maven.org/maven2/org/scala-sbt/compiler-bridge_2.12/1.5.3/compiler-bridge_2.12-1.5.3.jar ...
2022.01.17 17:06:36 ERROR 	[SUCCESSFUL ] org.scala-sbt#test-interface;1.0!test-interface.jar (25ms)
2022.01.17 17:06:36 ERROR downloading https://repo1.maven.org/maven2/org/scala-sbt/zinc-classfile_2.12/1.5.3/zinc-classfile_2.12-1.5.3.jar ...
2022.01.17 17:06:36 ERROR 	[SUCCESSFUL ] org.scala-sbt#zinc-classfile_2.12;1.5.3!zinc-classfile_2.12.jar (77ms)
2022.01.17 17:06:36 ERROR downloading https://repo1.maven.org/maven2/com/jcraft/jsch/0.1.54/jsch-0.1.54.jar ...
2022.01.17 17:06:36 ERROR 	[SUCCESSFUL ] org.scala-lang#scala-compiler;2.12.13!scala-compiler.jar (2190ms)
2022.01.17 17:06:36 ERROR downloading https://repo1.maven.org/maven2/com/eed3si9n/gigahorse-okhttp_2.12/0.5.0/gigahorse-okhttp_2.12-0.5.0.jar ...
2022.01.17 17:06:36 ERROR 	[SUCCESSFUL ] com.jcraft#jsch;0.1.54!jsch.jar (116ms)
2022.01.17 17:06:36 ERROR downloading https://repo1.maven.org/maven2/com/squareup/okhttp3/okhttp-urlconnection/3.7.0/okhttp-urlconnection-3.7.0.jar ...
2022.01.17 17:06:36 ERROR 	[SUCCESSFUL ] com.eed3si9n#gigahorse-okhttp_2.12;0.5.0!gigahorse-okhttp_2.12.jar (89ms)
2022.01.17 17:06:36 ERROR downloading https://repo1.maven.org/maven2/com/eed3si9n/gigahorse-core_2.12/0.5.0/gigahorse-core_2.12-0.5.0.jar ...
2022.01.17 17:06:36 ERROR 	[SUCCESSFUL ] org.scala-sbt#compiler-bridge_2.12;1.5.3!compiler-bridge_2.12.jar (238ms)
2022.01.17 17:06:36 ERROR downloading https://repo1.maven.org/maven2/com/squareup/okhttp3/okhttp/3.14.2/okhttp-3.14.2.jar ...
2022.01.17 17:06:36 ERROR 	[SUCCESSFUL ] com.squareup.okhttp3#okhttp-urlconnection;3.7.0!okhttp-urlconnection.jar (97ms)
2022.01.17 17:06:36 ERROR downloading https://repo1.maven.org/maven2/com/typesafe/ssl-config-core_2.12/0.4.0/ssl-config-core_2.12-0.4.0.jar ...
2022.01.17 17:06:36 ERROR 	[SUCCESSFUL ] com.eed3si9n#gigahorse-core_2.12;0.5.0!gigahorse-core_2.12.jar (114ms)
2022.01.17 17:06:36 ERROR downloading https://repo1.maven.org/maven2/org/reactivestreams/reactive-streams/1.0.2/reactive-streams-1.0.2.jar ...
2022.01.17 17:06:36 ERROR 	[SUCCESSFUL ] org.reactivestreams#reactive-streams;1.0.2!reactive-streams.jar (64ms)
2022.01.17 17:06:36 ERROR downloading https://repo1.maven.org/maven2/org/slf4j/slf4j-api/1.7.26/slf4j-api-1.7.26.jar ...
2022.01.17 17:06:36 ERROR 	[SUCCESSFUL ] com.typesafe#ssl-config-core_2.12;0.4.0!ssl-config-core_2.12.jar(bundle) (79ms)
2022.01.17 17:06:36 ERROR downloading https://repo1.maven.org/maven2/org/scala-lang/modules/scala-parser-combinators_2.12/1.1.2/scala-parser-combinators_2.12-1.1.2.jar ...
2022.01.17 17:06:36 ERROR 	[SUCCESSFUL ] net.java.dev.jna#jna-platform;5.5.0!jna-platform.jar (1705ms)
2022.01.17 17:06:36 ERROR downloading https://repo1.maven.org/maven2/com/typesafe/config/1.3.3/config-1.3.3.jar ...
2022.01.17 17:06:37 ERROR 	[SUCCESSFUL ] org.slf4j#slf4j-api;1.7.26!slf4j-api.jar (81ms)
2022.01.17 17:06:37 ERROR downloading https://repo1.maven.org/maven2/com/squareup/okio/okio/1.17.2/okio-1.17.2.jar ...
2022.01.17 17:06:37 ERROR 	[SUCCESSFUL ] org.scala-lang.modules#scala-parser-combinators_2.12;1.1.2!scala-parser-combinators_2.12.jar(bundle) (87ms)
2022.01.17 17:06:37 ERROR downloading https://repo1.maven.org/maven2/org/scala-sbt/zinc-core_2.12/1.5.3/zinc-core_2.12-1.5.3.jar ...
2022.01.17 17:06:37 ERROR 	[SUCCESSFUL ] com.squareup.okhttp3#okhttp;3.14.2!okhttp.jar (258ms)
2022.01.17 17:06:37 ERROR downloading https://repo1.maven.org/maven2/org/scala-sbt/zinc-persist_2.12/1.5.3/zinc-persist_2.12-1.5.3.jar ...
2022.01.17 17:06:37 ERROR 	[SUCCESSFUL ] com.typesafe#config;1.3.3!config.jar(bundle) (200ms)
2022.01.17 17:06:37 ERROR downloading https://repo1.maven.org/maven2/org/scala-sbt/zinc-compile-core_2.12/1.5.3/zinc-compile-core_2.12-1.5.3.jar ...
2022.01.17 17:06:37 ERROR 	[SUCCESSFUL ] org.scala-sbt#zinc-core_2.12;1.5.3!zinc-core_2.12.jar (127ms)
2022.01.17 17:06:37 ERROR downloading https://repo1.maven.org/maven2/org/scala-sbt/zinc-persist-core-assembly/1.5.3/zinc-persist-core-assembly-1.5.3.jar ...
2022.01.17 17:06:37 ERROR 	[SUCCESSFUL ] com.squareup.okio#okio;1.17.2!okio.jar (140ms)
2022.01.17 17:06:37 ERROR downloading https://repo1.maven.org/maven2/net/openhft/zero-allocation-hashing/0.10.1/zero-allocation-hashing-0.10.1.jar ...
2022.01.17 17:06:37 ERROR 	[SUCCESSFUL ] org.scala-sbt#zinc-persist_2.12;1.5.3!zinc-persist_2.12.jar (129ms)
2022.01.17 17:06:37 ERROR downloading https://repo1.maven.org/maven2/org/scala-sbt/sbinary_2.12/0.5.1/sbinary_2.12-0.5.1.jar ...
2022.01.17 17:06:37 ERROR 	[SUCCESSFUL ] net.openhft#zero-allocation-hashing;0.10.1!zero-allocation-hashing.jar(bundle) (412ms)
2022.01.17 17:06:37 ERROR 	[SUCCESSFUL ] org.scala-sbt#zinc-compile-core_2.12;1.5.3!zinc-compile-core_2.12.jar (426ms)
2022.01.17 17:06:37 ERROR downloading https://repo1.maven.org/maven2/org/scala-sbt/protocol_2.12/1.5.2/protocol_2.12-1.5.2.jar ...
2022.01.17 17:06:37 ERROR downloading https://repo1.maven.org/maven2/org/scala-sbt/template-resolver/0.1/template-resolver-0.1.jar ...
2022.01.17 17:06:37 ERROR 	[SUCCESSFUL ] org.scala-sbt#template-resolver;0.1!template-resolver.jar (20ms)
2022.01.17 17:06:37 ERROR downloading https://repo1.maven.org/maven2/org/scala-sbt/ipcsocket/ipcsocket/1.3.0/ipcsocket-1.3.0.jar ...
2022.01.17 17:06:37 ERROR 	[SUCCESSFUL ] org.scala-sbt#zinc-persist-core-assembly;1.5.3!zinc-persist-core-assembly.jar (439ms)
2022.01.17 17:06:37 ERROR downloading https://repo1.maven.org/maven2/org/checkerframework/checker-qual/3.4.1/checker-qual-3.4.1.jar ...
2022.01.17 17:06:37 ERROR 	[SUCCESSFUL ] org.checkerframework#checker-qual;3.4.1!checker-qual.jar (169ms)
2022.01.17 17:06:37 ERROR downloading https://repo1.maven.org/maven2/com/google/errorprone/error_prone_annotations/2.4.0/error_prone_annotations-2.4.0.jar ...
2022.01.17 17:06:37 ERROR 	[SUCCESSFUL ] org.scala-sbt#sbinary_2.12;0.5.1!sbinary_2.12.jar (604ms)
2022.01.17 17:06:37 ERROR downloading https://repo1.maven.org/maven2/org/scala-lang/modules/scala-collection-compat_2.12/2.4.2/scala-collection-compat_2.12-2.4.2.jar ...
2022.01.17 17:06:37 ERROR 	[SUCCESSFUL ] org.scala-sbt.ipcsocket#ipcsocket;1.3.0!ipcsocket.jar (180ms)
2022.01.17 17:06:37 ERROR downloading https://repo1.maven.org/maven2/org/scala-sbt/ivy/ivy/2.3.0-sbt-fbc4f586aeeb1591710b14eb4f41b94880dcd745/ivy-2.3.0-sbt-fbc4f586aeeb1591710b14eb4f41b94880dcd745.jar ...
2022.01.17 17:06:37 ERROR 	[SUCCESSFUL ] org.scala-sbt#protocol_2.12;1.5.2!protocol_2.12.jar (203ms)
2022.01.17 17:06:37 ERROR 	[SUCCESSFUL ] org.scala-lang.modules#scala-collection-compat_2.12;2.4.2!scala-collection-compat_2.12.jar (34ms)
2022.01.17 17:06:37 ERROR 	[SUCCESSFUL ] com.google.errorprone#error_prone_annotations;2.4.0!error_prone_annotations.jar (47ms)
2022.01.17 17:06:37 ERROR 	[SUCCESSFUL ] org.scala-sbt.ivy#ivy;2.3.0-sbt-fbc4f586aeeb1591710b14eb4f41b94880dcd745!ivy.jar (208ms)
2022.01.17 17:06:38 ERROR :: retrieving :: org.scala-sbt#boot-app
2022.01.17 17:06:38 ERROR 	confs: [default]
2022.01.17 17:06:38 ERROR 	83 artifacts copied, 0 already retrieved
2022.01.17 17:06:38 ERROR [info] [launcher] getting Scala 2.12.13 (for sbt)...
2022.01.17 17:06:42 ERROR downloading https://repo1.maven.org/maven2/org/scala-lang/modules/scala-xml_2.12/1.0.6/scala-xml_2.12-1.0.6.jar ...
2022.01.17 17:06:42 ERROR downloading https://repo1.maven.org/maven2/org/fusesource/jansi/jansi/1.12/jansi-1.12.jar ...
2022.01.17 17:06:42 ERROR downloading https://repo1.maven.org/maven2/jline/jline/2.14.6/jline-2.14.6.jar ...
2022.01.17 17:06:42 ERROR 	[SUCCESSFUL ] org.scala-lang.modules#scala-xml_2.12;1.0.6!scala-xml_2.12.jar(bundle) (65ms)
2022.01.17 17:06:42 ERROR 	[SUCCESSFUL ] org.fusesource.jansi#jansi;1.12!jansi.jar (69ms)
2022.01.17 17:06:42 ERROR 	[SUCCESSFUL ] jline#jline;2.14.6!jline.jar (74ms)
2022.01.17 17:06:42 ERROR :: retrieving :: org.scala-sbt#boot-scala
2022.01.17 17:06:42 ERROR 	confs: [default]
2022.01.17 17:06:42 ERROR 	6 artifacts copied, 0 already retrieved
2022.01.17 17:06:50 INFO  [info] welcome to sbt 1.5.2 (Oracle Corporation Java 11)
2022.01.17 17:06:56 INFO  [info] loading settings for project scala-project-build-build from metals.sbt ...
2022.01.17 17:06:59 INFO  [info] loading project definition from /Users/francescofacca/Projects/scala-project/project/project
2022.01.17 17:07:10 INFO  [info] loading settings for project scala-project-build from metals.sbt ...
2022.01.17 17:07:10 INFO  [info] loading project definition from /Users/francescofacca/Projects/scala-project/project
2022.01.17 17:07:27 INFO  [success] Generated .bloop/scala-project-build.json
2022.01.17 17:07:27 INFO  [success] Total time: 16 s, completed 17 Jan 2022, 17:07:27
2022.01.17 17:07:30 INFO  [info] loading settings for project scala-project from build.sbt ...
2022.01.17 17:07:30 INFO  [info] set current project to scala-project (in build file:/Users/francescofacca/Projects/scala-project/)
2022.01.17 17:07:38 INFO  [success] Generated .bloop/scala-project-test.json
2022.01.17 17:07:38 INFO  [success] Generated .bloop/scala-project.json
2022.01.17 17:07:38 INFO  [success] Total time: 6 s, completed 17 Jan 2022, 17:07:38
2022.01.17 17:07:39 INFO  time: ran 'sbt bloopInstall' in 1m38s
2022.01.17 17:07:39 INFO  Attempting to connect to the build server...
2022.01.17 17:07:58 INFO  tracing is disabled for protocol BSP, to enable tracing of incoming and outgoing JSON messages create an empty file at /Users/francescofacca/Projects/scala-project/.metals/bsp.trace.json or /Users/francescofacca/Library/Caches/org.scalameta.metals/bsp.trace.json
2022.01.17 17:07:59 INFO  Attempting to connect to the build server...
2022.01.17 17:07:59 INFO  tracing is disabled for protocol BSP, to enable tracing of incoming and outgoing JSON messages create an empty file at /Users/francescofacca/Projects/scala-project/project/.metals/bsp.trace.json or /Users/francescofacca/Library/Caches/org.scalameta.metals/bsp.trace.json
2022.01.17 17:08:01 INFO  time: Connected to build server in 22s
2022.01.17 17:08:01 INFO  Connected to Build server: Bloop v1.4.12
2022.01.17 17:08:02 INFO  time: Imported build in 0.2s
2022.01.17 17:08:13 INFO  time: indexed workspace in 11s
